<?xml version="1.0" encoding="UTF-8"?>
<!-- Generated by org.testng.reporters.JUnitReportReporter -->
<testsuite hostname="DESKTOP-8Q41GAR" failures="0" tests="1" name="com.cucumber.runner.CalculatorRunnerTest" time="14.785" errors="0" timestamp="2022-09-23T22:08:38 IST" skipped="0">
  <testcase classname="com.cucumber.runner.CalculatorRunnerTest" name="runScenario" time="14.785"/>
  <system-out/>
</testsuite> <!-- com.cucumber.runner.CalculatorRunnerTest -->
